<?xml version="1.0" encoding="UTF-8"?>
<testng-results ignored="36" total="58" passed="22" failed="0" skipped="0">
  <reporter-output>
  </reporter-output>
  <suite started-at="2024-02-23T12:13:33 IST" name="Suite" finished-at="2024-02-23T12:14:05 IST" duration-ms="31296">
    <groups>
    </groups>
    <test started-at="2024-02-23T12:13:33 IST" name="Test" finished-at="2024-02-23T12:14:05 IST" duration-ms="31296">
      <class name="testCases.TC_19_FillValidForm">
        <test-method signature="fillValidForm()[pri:0, instance:testCases.TC_19_FillValidForm@437da279]" started-at="2024-02-23T12:14:03 IST" name="fillValidForm" finished-at="2024-02-23T12:14:03 IST" duration-ms="951" status="PASS">
          <reporter-output>
          </reporter-output>
        </test-method> <!-- fillValidForm -->
      </class> <!-- testCases.TC_19_FillValidForm -->
      <class name="testCases.TC_14_VerifyBirthDayLink">
        <test-method signature="verifyBirthDayButton()[pri:0, instance:testCases.TC_14_VerifyBirthDayLink@66f57048]" started-at="2024-02-23T12:14:00 IST" name="verifyBirthDayButton" finished-at="2024-02-23T12:14:01 IST" duration-ms="195" status="PASS">
          <reporter-output>
          </reporter-output>
        </test-method> <!-- verifyBirthDayButton -->
      </class> <!-- testCases.TC_14_VerifyBirthDayLink -->
      <class name="testCases.TC_08_VerifyLivingSubmenus">
        <test-method signature="verifyLivingSubmenu()[pri:0, instance:testCases.TC_08_VerifyLivingSubmenus@729d991e]" started-at="2024-02-23T12:13:57 IST" name="verifyLivingSubmenu" finished-at="2024-02-23T12:13:57 IST" duration-ms="181" status="PASS">
          <reporter-output>
          </reporter-output>
        </test-method> <!-- verifyLivingSubmenu -->
      </class> <!-- testCases.TC_08_VerifyLivingSubmenus -->
      <class name="testCases.TC_03_SearchForBookshelves">
        <test-method signature="searchForBookshelves()[pri:0, instance:testCases.TC_03_SearchForBookshelves@4803b726]" started-at="2024-02-23T12:13:42 IST" name="searchForBookshelves" finished-at="2024-02-23T12:13:45 IST" duration-ms="2353" status="PASS">
          <reporter-output>
          </reporter-output>
        </test-method> <!-- searchForBookshelves -->
      </class> <!-- testCases.TC_03_SearchForBookshelves -->
      <class name="testCases.TC_01_VerifyNavigation">
        <test-method is-config="true" signature="setup()[pri:0, instance:testCases.TC_01_VerifyNavigation@434a63ab]" started-at="2024-02-23T12:13:33 IST" name="setup" finished-at="2024-02-23T12:13:42 IST" duration-ms="8864" status="PASS">
          <reporter-output>
          </reporter-output>
        </test-method> <!-- setup -->
        <test-method signature="verifyNavigation()[pri:0, instance:testCases.TC_01_VerifyNavigation@434a63ab]" started-at="2024-02-23T12:13:42 IST" name="verifyNavigation" finished-at="2024-02-23T12:13:42 IST" duration-ms="50" status="PASS">
          <reporter-output>
          </reporter-output>
        </test-method> <!-- verifyNavigation -->
        <test-method is-config="true" signature="tearDown()[pri:0, instance:testCases.TC_01_VerifyNavigation@434a63ab]" started-at="2024-02-23T12:14:03 IST" name="tearDown" finished-at="2024-02-23T12:14:05 IST" duration-ms="1152" status="PASS">
          <reporter-output>
          </reporter-output>
        </test-method> <!-- tearDown -->
      </class> <!-- testCases.TC_01_VerifyNavigation -->
      <class name="testCases.TC_16_FillPriceDetails">
        <test-method signature="customiseGiftCard()[pri:0, instance:testCases.TC_16_FillPriceDetails@21282ed8]" started-at="2024-02-23T12:14:01 IST" name="customiseGiftCard" finished-at="2024-02-23T12:14:01 IST" duration-ms="217" status="PASS">
          <reporter-output>
          </reporter-output>
        </test-method> <!-- customiseGiftCard -->
      </class> <!-- testCases.TC_16_FillPriceDetails -->
      <class name="testCases.TC_15_SelectBirthday">
        <test-method signature="selectBirthdayOption()[pri:0, instance:testCases.TC_15_SelectBirthday@550dbc7a]" started-at="2024-02-23T12:14:01 IST" name="selectBirthdayOption" finished-at="2024-02-23T12:14:01 IST" duration-ms="108" status="PASS">
          <reporter-output>
          </reporter-output>
        </test-method> <!-- selectBirthdayOption -->
      </class> <!-- testCases.TC_15_SelectBirthday -->
      <class name="testCases.TC_05_FilterBookshelves">
        <test-method signature="sortBy()[pri:0, instance:testCases.TC_05_FilterBookshelves@6404f418]" started-at="2024-02-23T12:13:45 IST" name="sortBy" finished-at="2024-02-23T12:13:45 IST" duration-ms="280" status="PASS">
          <reporter-output>
          </reporter-output>
        </test-method> <!-- sortBy -->
        <test-method signature="excludeOutOfStock()[pri:1, instance:testCases.TC_05_FilterBookshelves@6404f418]" started-at="2024-02-23T12:13:45 IST" name="excludeOutOfStock" finished-at="2024-02-23T12:13:46 IST" duration-ms="876" status="PASS">
          <reporter-output>
          </reporter-output>
        </test-method> <!-- excludeOutOfStock -->
        <test-method signature="setPrice()[pri:2, instance:testCases.TC_05_FilterBookshelves@6404f418]" started-at="2024-02-23T12:13:46 IST" name="setPrice" finished-at="2024-02-23T12:13:53 IST" duration-ms="6803" status="PASS">
          <reporter-output>
          </reporter-output>
        </test-method> <!-- setPrice -->
        <test-method signature="setCategory()[pri:3, instance:testCases.TC_05_FilterBookshelves@6404f418]" started-at="2024-02-23T12:13:53 IST" name="setCategory" finished-at="2024-02-23T12:13:53 IST" duration-ms="266" status="PASS">
          <reporter-output>
          </reporter-output>
        </test-method> <!-- setCategory -->
      </class> <!-- testCases.TC_05_FilterBookshelves -->
      <class name="testCases.TC_09_RetrieveSubMenuInformation">
        <test-method signature="retrieveInfo()[pri:0, instance:testCases.TC_09_RetrieveSubMenuInformation@31fa1761]" started-at="2024-02-23T12:13:57 IST" name="retrieveInfo" finished-at="2024-02-23T12:13:57 IST" duration-ms="266" status="PASS">
          <reporter-output>
          </reporter-output>
        </test-method> <!-- retrieveInfo -->
      </class> <!-- testCases.TC_09_RetrieveSubMenuInformation -->
      <class name="testCases.TC_07_VerifyLivingMenu">
        <test-method signature="verifyLivingMenu()[pri:0, instance:testCases.TC_07_VerifyLivingMenu@1de5f259]" started-at="2024-02-23T12:13:57 IST" name="verifyLivingMenu" finished-at="2024-02-23T12:13:57 IST" duration-ms="30" status="PASS">
          <reporter-output>
          </reporter-output>
        </test-method> <!-- verifyLivingMenu -->
      </class> <!-- testCases.TC_07_VerifyLivingMenu -->
      <class name="testCases.TC_17_FillInvalidForm">
        <test-method signature="fillInvalidForm()[pri:0, instance:testCases.TC_17_FillInvalidForm@36916eb0]" started-at="2024-02-23T12:14:01 IST" name="fillInvalidForm" finished-at="2024-02-23T12:14:02 IST" duration-ms="1453" status="PASS">
          <reporter-output>
          </reporter-output>
        </test-method> <!-- fillInvalidForm -->
      </class> <!-- testCases.TC_17_FillInvalidForm -->
      <class name="testCases.TC_02_VerifySearchBar">
        <test-method signature="verifySearchBar()[pri:0, instance:testCases.TC_02_VerifySearchBar@f0da945]" started-at="2024-02-23T12:13:42 IST" name="verifySearchBar" finished-at="2024-02-23T12:13:42 IST" duration-ms="49" status="PASS">
          <reporter-output>
          </reporter-output>
        </test-method> <!-- verifySearchBar -->
      </class> <!-- testCases.TC_02_VerifySearchBar -->
      <class name="testCases.TC_06_PrintBookshelves">
        <test-method signature="printInfo()[pri:0, instance:testCases.TC_06_PrintBookshelves@3e11f9e9]" started-at="2024-02-23T12:13:53 IST" name="printInfo" finished-at="2024-02-23T12:13:57 IST" duration-ms="3259" status="PASS">
          <reporter-output>
          </reporter-output>
        </test-method> <!-- printInfo -->
      </class> <!-- testCases.TC_06_PrintBookshelves -->
      <class name="testCases.TC_13_VerifyNavigationToGiftCard">
        <test-method signature="verifyNvigationToGiftCards()[pri:0, instance:testCases.TC_13_VerifyNavigationToGiftCard@4dbb42b7]" started-at="2024-02-23T12:14:00 IST" name="verifyNvigationToGiftCards" finished-at="2024-02-23T12:14:00 IST" duration-ms="24" status="PASS">
          <reporter-output>
          </reporter-output>
        </test-method> <!-- verifyNvigationToGiftCards -->
      </class> <!-- testCases.TC_13_VerifyNavigationToGiftCard -->
      <class name="testCases.TC_04_VerifyNavigationToSearchPage">
        <test-method signature="verifyNavigation()[pri:0, instance:testCases.TC_04_VerifyNavigationToSearchPage@ffaa6af]" started-at="2024-02-23T12:13:45 IST" name="verifyNavigation" finished-at="2024-02-23T12:13:45 IST" duration-ms="324" status="PASS">
          <reporter-output>
          </reporter-output>
        </test-method> <!-- verifyNavigation -->
      </class> <!-- testCases.TC_04_VerifyNavigationToSearchPage -->
      <class name="testCases.TC_10_PrintSubMenuInfo">
        <test-method signature="printSubmenu()[pri:0, instance:testCases.TC_10_PrintSubMenuInfo@957e06]" started-at="2024-02-23T12:13:57 IST" name="printSubmenu" finished-at="2024-02-23T12:13:57 IST" duration-ms="158" status="PASS">
          <reporter-output>
          </reporter-output>
        </test-method> <!-- printSubmenu -->
      </class> <!-- testCases.TC_10_PrintSubMenuInfo -->
      <class name="testCases.TC_18_CaptureAndPrintError">
        <test-method signature="getAlert()[pri:0, instance:testCases.TC_18_CaptureAndPrintError@7bab3f1a]" started-at="2024-02-23T12:14:02 IST" name="getAlert" finished-at="2024-02-23T12:14:03 IST" duration-ms="60" status="PASS">
          <reporter-output>
          </reporter-output>
        </test-method> <!-- getAlert -->
      </class> <!-- testCases.TC_18_CaptureAndPrintError -->
      <class name="testCases.TC_12_NavigateToGiftCard">
        <test-method signature="navigateToGiftCards()[pri:0, instance:testCases.TC_12_NavigateToGiftCard@2c1b194a]" started-at="2024-02-23T12:13:57 IST" name="navigateToGiftCards" finished-at="2024-02-23T12:14:00 IST" duration-ms="3233" status="PASS">
          <reporter-output>
          </reporter-output>
        </test-method> <!-- navigateToGiftCards -->
      </class> <!-- testCases.TC_12_NavigateToGiftCard -->
      <class name="testCases.TC_11_VerifyGiftCardLink">
        <test-method signature="verifyGiftCardLink()[pri:0, instance:testCases.TC_11_VerifyGiftCardLink@32502377]" started-at="2024-02-23T12:13:57 IST" name="verifyGiftCardLink" finished-at="2024-02-23T12:13:57 IST" duration-ms="68" status="PASS">
          <reporter-output>
          </reporter-output>
        </test-method> <!-- verifyGiftCardLink -->
      </class> <!-- testCases.TC_11_VerifyGiftCardLink -->
    </test> <!-- Test -->
  </suite> <!-- Suite -->
</testng-results>
